2025-03-05 21:41:36,754 - WARNING - Email settings file not found. Using default settings.
2025-03-05 21:47:38,462 - INFO - Starting notification scheduler...
2025-03-05 21:47:38,566 - INFO - Notification check completed. Processed 0 upcoming, 0 due today, and 0 overdue work orders.
2025-03-05 21:52:11,125 - INFO - Notification scheduler stopped.
2025-03-05 21:52:21,933 - WARNING - Email settings file not found. Using default settings.
2025-03-05 21:53:37,354 - INFO - Starting notification scheduler...
2025-03-05 21:53:37,436 - INFO - Notification check completed. Processed 0 upcoming, 0 due today, and 0 overdue work orders.
2025-03-05 21:54:34,322 - INFO - Notification scheduler stopped.
2025-03-05 21:54:41,737 - INFO - Starting notification scheduler...
2025-03-05 21:54:41,817 - INFO - Notification check completed. Processed 0 upcoming, 0 due today, and 0 overdue work orders.
2025-03-05 21:54:50,075 - INFO - Notification scheduler stopped.
2025-03-05 21:55:43,473 - INFO - Starting notification scheduler...
2025-03-05 21:55:43,568 - INFO - Notification check completed. Processed 0 upcoming, 0 due today, and 0 overdue work orders.
2025-03-05 21:55:58,605 - INFO - Notification scheduler stopped.
2025-03-05 21:57:50,147 - INFO - Starting notification scheduler...
2025-03-05 21:57:50,249 - INFO - Notification check completed. Processed 0 upcoming, 0 due today, and 0 overdue work orders.
2025-03-05 22:11:12,753 - INFO - Notification scheduler stopped.
2025-03-05 22:11:17,248 - INFO - Starting notification scheduler...
2025-03-05 22:11:17,331 - INFO - Notification check completed. Processed 0 upcoming, 0 due today, and 0 overdue work orders.
2025-03-05 22:11:27,978 - INFO - Notification scheduler stopped.
2025-03-05 22:17:23,233 - INFO - Starting notification scheduler...
2025-03-05 22:17:23,314 - INFO - Notification check completed. Processed 0 upcoming, 0 due today, and 0 overdue work orders.
2025-03-05 22:18:07,402 - INFO - Notification scheduler stopped.
2025-03-05 22:18:12,304 - INFO - Starting notification scheduler...
2025-03-05 22:18:12,432 - INFO - Notification check completed. Processed 0 upcoming, 0 due today, and 0 overdue work orders.
2025-03-05 22:20:12,274 - INFO - Notification scheduler stopped.
2025-03-05 22:20:16,624 - INFO - Starting notification scheduler...
2025-03-05 22:20:16,699 - INFO - Notification check completed. Processed 0 upcoming, 0 due today, and 0 overdue work orders.
2025-03-05 22:24:37,252 - INFO - Notification scheduler stopped.
2025-03-05 22:24:43,530 - INFO - Starting notification scheduler...
2025-03-05 22:24:43,615 - INFO - Notification check completed. Processed 0 upcoming, 0 due today, and 0 overdue work orders.
2025-03-05 22:26:57,883 - INFO - Notification scheduler stopped.
2025-03-05 22:27:04,545 - INFO - Starting notification scheduler...
2025-03-05 22:27:04,627 - INFO - Notification check completed. Processed 0 upcoming, 0 due today, and 0 overdue work orders.
2025-03-05 22:30:40,904 - INFO - Notification scheduler stopped.
2025-03-05 22:30:45,389 - INFO - Starting notification scheduler...
2025-03-05 22:30:45,503 - INFO - Notification check completed. Processed 0 upcoming, 0 due today, and 0 overdue work orders.
2025-03-05 22:40:34,840 - INFO - Notification scheduler stopped.
2025-03-05 22:41:49,115 - INFO - Starting notification scheduler...
2025-03-05 22:41:49,197 - INFO - Notification check completed. Processed 0 upcoming, 0 due today, and 0 overdue work orders.
2025-03-05 22:46:40,269 - INFO - Notification scheduler stopped.
2025-03-05 22:46:53,687 - INFO - Starting notification scheduler...
2025-03-05 22:46:53,797 - INFO - Notification check completed. Processed 0 upcoming, 0 due today, and 0 overdue work orders.
2025-03-05 22:49:00,574 - INFO - Notification scheduler stopped.
2025-03-05 22:49:10,753 - INFO - Starting notification scheduler...
2025-03-05 22:49:10,839 - INFO - Notification check completed. Processed 0 upcoming, 0 due today, and 0 overdue work orders.
2025-03-05 22:51:37,987 - INFO - Notification scheduler stopped.
2025-03-05 22:51:44,372 - INFO - Starting notification scheduler...
2025-03-05 22:51:44,446 - INFO - Notification check completed. Processed 0 upcoming, 0 due today, and 0 overdue work orders.
2025-03-05 22:54:44,375 - INFO - Notification scheduler stopped.
2025-03-05 22:54:50,386 - INFO - Starting notification scheduler...
2025-03-05 22:54:50,466 - INFO - Notification check completed. Processed 0 upcoming, 0 due today, and 0 overdue work orders.
2025-03-05 23:11:19,700 - INFO - Notification scheduler stopped.
2025-03-05 23:11:26,285 - INFO - Starting notification scheduler...
2025-03-05 23:11:26,374 - INFO - Notification check completed. Processed 0 upcoming, 0 due today, and 0 overdue work orders.
2025-03-05 23:14:30,463 - INFO - Notification scheduler stopped.
2025-03-05 23:14:36,717 - INFO - Starting notification scheduler...
2025-03-05 23:14:36,809 - INFO - Notification check completed. Processed 0 upcoming, 0 due today, and 0 overdue work orders.
2025-03-05 23:26:40,445 - INFO - Notification scheduler stopped.
2025-03-06 18:12:33,948 - INFO - Starting notification scheduler...
2025-03-06 18:12:33,968 - INFO - Notification check completed. Processed 0 upcoming, 0 due today, and 0 overdue work orders.
2025-03-06 18:13:44,386 - INFO - Notification scheduler stopped.
2025-03-06 18:13:50,850 - INFO - Starting notification scheduler...
2025-03-06 18:13:50,865 - INFO - Notification check completed. Processed 0 upcoming, 0 due today, and 0 overdue work orders.
2025-03-06 18:38:30,046 - INFO - Notification scheduler stopped.
2025-03-06 18:38:46,274 - INFO - Starting notification scheduler...
2025-03-06 18:38:46,294 - INFO - Notification check completed. Processed 0 upcoming, 0 due today, and 0 overdue work orders.
2025-03-06 18:42:53,159 - INFO - Notification scheduler stopped.
2025-03-06 18:43:01,799 - INFO - Starting notification scheduler...
2025-03-06 18:43:01,824 - INFO - Notification check completed. Processed 0 upcoming, 0 due today, and 0 overdue work orders.
2025-03-06 18:56:21,797 - INFO - Notification scheduler stopped.
2025-03-06 18:56:29,385 - INFO - Starting notification scheduler...
2025-03-06 18:56:29,411 - INFO - Notification check completed. Processed 0 upcoming, 0 due today, and 0 overdue work orders.
2025-03-06 19:06:17,281 - INFO - Notification scheduler stopped.
2025-03-06 19:06:24,803 - INFO - Starting notification scheduler...
2025-03-06 19:06:24,827 - INFO - Notification check completed. Processed 0 upcoming, 0 due today, and 0 overdue work orders.
2025-03-06 19:07:19,379 - INFO - Notification scheduler stopped.
2025-03-06 19:08:49,789 - INFO - Starting notification scheduler...
2025-03-06 19:08:49,811 - INFO - Notification check completed. Processed 0 upcoming, 0 due today, and 0 overdue work orders.
2025-03-06 19:09:09,701 - INFO - Notification scheduler stopped.
2025-03-06 19:11:42,605 - INFO - Starting notification scheduler...
2025-03-06 19:11:42,626 - INFO - Notification check completed. Processed 0 upcoming, 0 due today, and 0 overdue work orders.
2025-03-06 19:11:46,650 - INFO - Notification scheduler stopped.
2025-03-06 19:16:56,932 - INFO - Starting notification scheduler...
2025-03-06 19:16:56,958 - INFO - Notification check completed. Processed 0 upcoming, 0 due today, and 0 overdue work orders.
2025-03-06 19:20:59,465 - INFO - Notification scheduler stopped.
2025-03-06 19:21:15,307 - INFO - Starting notification scheduler...
2025-03-06 19:21:15,335 - INFO - Notification check completed. Processed 0 upcoming, 0 due today, and 0 overdue work orders.
2025-03-06 19:21:41,524 - INFO - Notification scheduler stopped.
2025-03-06 19:40:17,823 - INFO - Starting notification scheduler...
2025-03-06 19:40:17,848 - INFO - Notification check completed. Processed 0 upcoming, 0 due today, and 0 overdue work orders.
2025-03-06 19:40:54,444 - INFO - Notification scheduler stopped.
2025-03-06 19:49:16,162 - INFO - Starting notification scheduler...
2025-03-06 19:49:16,181 - INFO - Notification check completed. Processed 0 upcoming, 0 due today, and 0 overdue work orders.
2025-03-06 17:30:26,882 - INFO - Starting notification scheduler...
2025-03-06 17:30:26,974 - INFO - Notification check completed. Processed 0 upcoming, 0 due today, and 0 overdue work orders.
2025-03-06 17:31:27,484 - INFO - Notification scheduler stopped.
2025-03-06 17:32:34,117 - INFO - Starting notification scheduler...
2025-03-06 17:32:34,210 - INFO - Notification check completed. Processed 0 upcoming, 0 due today, and 0 overdue work orders.
2025-03-06 17:34:17,611 - INFO - Notification scheduler stopped.
2025-03-06 17:34:26,865 - INFO - Starting notification scheduler...
2025-03-06 17:34:29,828 - ERROR - Error sending email: (535, b'5.7.8 Username and Password not accepted. For more information, go to\n5.7.8  https://support.google.com/mail/?p=BadCredentials ffacd0b85a97d-3912c0194f2sm2698002f8f.54 - gsmtp')
2025-03-06 17:34:29,828 - INFO - Notification check completed. Processed 0 upcoming, 0 due today, and 1 overdue work orders.
2025-03-06 17:36:31,861 - INFO - Notification scheduler stopped.
2025-03-06 17:36:48,406 - INFO - Starting notification scheduler...
2025-03-06 17:36:51,204 - ERROR - Error sending email: (535, b'5.7.8 Username and Password not accepted. For more information, go to\n5.7.8  https://support.google.com/mail/?p=BadCredentials 5b1f17b1804b1-43bd426c01bsm57021475e9.2 - gsmtp')
2025-03-06 17:36:51,205 - INFO - Notification check completed. Processed 0 upcoming, 0 due today, and 1 overdue work orders.
2025-03-06 17:40:09,907 - INFO - Notification scheduler stopped.
2025-03-06 17:40:48,475 - INFO - Starting notification scheduler...
2025-03-06 17:40:50,921 - ERROR - Error sending email: (535, b'5.7.8 Username and Password not accepted. For more information, go to\n5.7.8  https://support.google.com/mail/?p=BadCredentials 5b1f17b1804b1-43bd435cd8csm56190695e9.40 - gsmtp')
2025-03-06 17:40:50,922 - INFO - Notification check completed. Processed 0 upcoming, 0 due today, and 1 overdue work orders.
2025-03-06 17:42:22,125 - INFO - Notification scheduler stopped.
2025-03-06 17:42:37,627 - INFO - Starting notification scheduler...
2025-03-06 17:42:40,380 - ERROR - Error sending email: (535, b'5.7.8 Username and Password not accepted. For more information, go to\n5.7.8  https://support.google.com/mail/?p=BadCredentials ffacd0b85a97d-3912c1027d3sm2653817f8f.83 - gsmtp')
2025-03-06 17:42:40,380 - INFO - Notification check completed. Processed 0 upcoming, 0 due today, and 1 overdue work orders.
2025-03-06 17:45:35,825 - INFO - Notification scheduler stopped.
2025-03-06 17:45:51,359 - INFO - Starting notification scheduler...
2025-03-06 17:45:53,847 - ERROR - Error sending email: (535, b'5.7.8 Username and Password not accepted. For more information, go to\n5.7.8  https://support.google.com/mail/?p=BadCredentials 5b1f17b1804b1-43bd4352fa3sm55929085e9.30 - gsmtp')
2025-03-06 17:45:53,848 - INFO - Notification check completed. Processed 0 upcoming, 0 due today, and 1 overdue work orders.
2025-03-06 17:49:18,568 - INFO - Notification scheduler stopped.
2025-03-06 17:49:27,715 - INFO - Starting notification scheduler...
2025-03-06 17:49:30,300 - ERROR - Error sending email: (535, b'5.7.8 Username and Password not accepted. For more information, go to\n5.7.8  https://support.google.com/mail/?p=BadCredentials ffacd0b85a97d-3912bfbaa94sm2711733f8f.14 - gsmtp')
2025-03-06 17:49:30,301 - INFO - Notification check completed. Processed 0 upcoming, 0 due today, and 1 overdue work orders.
2025-03-06 17:53:53,718 - INFO - Starting notification scheduler...
2025-03-06 17:53:57,773 - ERROR - Error sending email: (535, b'5.7.8 Username and Password not accepted. For more information, go to\n5.7.8  https://support.google.com/mail/?p=BadCredentials 5b1f17b1804b1-43bd42c55e6sm55989155e9.23 - gsmtp')
2025-03-06 17:53:57,774 - INFO - Notification check completed. Processed 0 upcoming, 0 due today, and 1 overdue work orders.
2025-03-06 18:00:39,264 - INFO - Notification scheduler stopped.
2025-03-06 18:00:48,129 - INFO - Starting notification scheduler...
2025-03-06 18:00:50,754 - ERROR - Error sending email: (535, b'5.7.8 Username and Password not accepted. For more information, go to\n5.7.8  https://support.google.com/mail/?p=BadCredentials 5b1f17b1804b1-43bd42920a5sm56344035e9.11 - gsmtp')
2025-03-06 18:00:50,756 - INFO - Notification check completed. Processed 0 upcoming, 0 due today, and 1 overdue work orders.
2025-03-06 18:03:59,405 - INFO - Notification scheduler stopped.
2025-03-06 18:04:10,781 - INFO - Starting notification scheduler...
2025-03-06 18:04:15,455 - ERROR - Error sending email: (535, b'5.7.8 Username and Password not accepted. For more information, go to\n5.7.8  https://support.google.com/mail/?p=BadCredentials 5b1f17b1804b1-43bd426c33asm58923175e9.3 - gsmtp')
2025-03-06 18:04:15,456 - INFO - Notification check completed. Processed 0 upcoming, 0 due today, and 1 overdue work orders.
2025-03-06 18:06:38,940 - INFO - Notification scheduler stopped.
2025-03-06 18:06:48,058 - INFO - Starting notification scheduler...
2025-03-06 18:06:52,285 - ERROR - Error sending email: (535, b'5.7.8 Username and Password not accepted. For more information, go to\n5.7.8  https://support.google.com/mail/?p=BadCredentials ffacd0b85a97d-3912c0e3099sm2806202f8f.69 - gsmtp')
2025-03-06 18:06:52,285 - INFO - Notification check completed. Processed 0 upcoming, 0 due today, and 1 overdue work orders.
2025-03-06 18:38:36,021 - INFO - Notification scheduler stopped.
2025-03-06 18:38:54,066 - INFO - Starting notification scheduler...
2025-03-06 18:38:57,668 - INFO - Email sent successfully to john.rodriguez@gmail.com
2025-03-06 18:38:57,668 - INFO - Notification check completed. Processed 0 upcoming, 0 due today, and 1 overdue work orders.
2025-03-06 18:44:56,342 - INFO - Notification scheduler stopped.
2025-03-06 18:45:05,281 - INFO - Starting notification scheduler...
2025-03-06 18:45:10,501 - INFO - Email sent successfully to john.rodriguez@gmail.com
2025-03-06 18:45:10,502 - INFO - Notification check completed. Processed 0 upcoming, 0 due today, and 1 overdue work orders.
2025-03-06 18:47:42,943 - INFO - Notification scheduler stopped.
2025-03-06 19:04:23,766 - INFO - Starting notification scheduler...
2025-03-06 19:04:28,836 - INFO - Email sent successfully to john.rodriguez@gmail.com
2025-03-06 19:04:28,836 - INFO - Notification check completed. Processed 0 upcoming, 0 due today, and 1 overdue work orders.
2025-03-06 19:05:58,840 - INFO - Notification scheduler stopped.
2025-03-06 19:06:29,342 - INFO - Starting notification scheduler...
2025-03-06 19:06:35,929 - INFO - Email sent successfully to john.rodriguez@gmail.com
2025-03-06 19:06:35,930 - INFO - Notification check completed. Processed 0 upcoming, 0 due today, and 1 overdue work orders.
2025-03-06 19:07:25,573 - INFO - Notification scheduler stopped.
2025-03-06 19:09:59,221 - INFO - Starting notification scheduler...
2025-03-06 19:10:08,396 - INFO - Email sent successfully to john.rodriguez@gmail.com
2025-03-06 19:10:08,397 - INFO - Notification check completed. Processed 0 upcoming, 0 due today, and 1 overdue work orders.
2025-03-06 19:11:53,199 - INFO - Notification scheduler stopped.
2025-03-06 19:12:19,432 - INFO - Starting notification scheduler...
2025-03-06 19:12:25,083 - INFO - Email sent successfully to john.rodriguez@gmail.com
2025-03-06 19:12:25,083 - INFO - Notification check completed. Processed 0 upcoming, 0 due today, and 1 overdue work orders.
2025-03-06 19:13:58,601 - INFO - Notification scheduler stopped.
2025-03-06 19:14:14,362 - INFO - Starting notification scheduler...
2025-03-06 19:14:21,341 - INFO - Email sent successfully to john.rodriguez@gmail.com
2025-03-06 19:14:21,342 - INFO - Notification check completed. Processed 0 upcoming, 0 due today, and 1 overdue work orders.
2025-03-06 19:17:34,197 - INFO - Notification scheduler stopped.
2025-03-06 19:17:44,530 - INFO - Starting notification scheduler...
2025-03-06 19:17:51,926 - INFO - Email sent successfully to john.rodriguez@gmail.com
2025-03-06 19:17:51,927 - INFO - Notification check completed. Processed 0 upcoming, 0 due today, and 1 overdue work orders.
2025-03-06 19:21:14,821 - INFO - Notification scheduler stopped.
2025-03-06 19:22:30,397 - INFO - Starting notification scheduler...
2025-03-06 19:22:34,509 - INFO - Email sent successfully to john.rodriguez@gmail.com
2025-03-06 19:22:34,510 - INFO - Notification check completed. Processed 0 upcoming, 0 due today, and 1 overdue work orders.
2025-03-06 19:25:27,854 - INFO - Notification scheduler stopped.
2025-03-06 19:25:37,633 - INFO - Starting notification scheduler...
2025-03-06 19:25:41,601 - INFO - Email sent successfully to john.rodriguez@gmail.com
2025-03-06 19:25:41,602 - INFO - Notification check completed. Processed 0 upcoming, 0 due today, and 1 overdue work orders.
2025-03-06 19:28:53,695 - INFO - Notification scheduler stopped.
2025-03-06 19:29:03,779 - INFO - Starting notification scheduler...
2025-03-06 19:29:17,574 - INFO - Email sent successfully to john.rodriguez@gmail.com
2025-03-06 19:29:17,575 - INFO - Notification check completed. Processed 0 upcoming, 0 due today, and 1 overdue work orders.
2025-03-06 19:33:25,364 - INFO - Notification scheduler stopped.
2025-03-06 19:33:36,589 - INFO - Starting notification scheduler...
2025-03-06 19:33:41,937 - INFO - Email sent successfully to john.rodriguez@gmail.com
2025-03-06 19:33:41,937 - INFO - Notification check completed. Processed 0 upcoming, 0 due today, and 1 overdue work orders.
2025-03-06 19:35:42,580 - INFO - Notification scheduler stopped.
2025-03-06 19:35:53,303 - INFO - Starting notification scheduler...
2025-03-06 19:35:59,398 - INFO - Email sent successfully to john.rodriguez@gmail.com
2025-03-06 19:35:59,399 - INFO - Notification check completed. Processed 0 upcoming, 0 due today, and 1 overdue work orders.
2025-03-06 19:40:07,932 - INFO - Notification scheduler stopped.
2025-03-06 19:40:18,068 - INFO - Starting notification scheduler...
2025-03-06 19:40:22,991 - INFO - Email sent successfully to john.rodriguez@gmail.com
2025-03-06 19:40:22,992 - INFO - Notification check completed. Processed 0 upcoming, 0 due today, and 1 overdue work orders.
2025-03-06 19:41:10,666 - INFO - Notification scheduler stopped.
